<?xml version="1.0" encoding="UTF-8"?>
<!-- Generated by org.testng.reporters.JUnitXMLReporter -->
<testsuite ignored="0" hostname="DESKTOP-V2VCMJK" failures="0" tests="3" name="Tests1" time="115.092" errors="0" timestamp="2022-05-05T21:32:22 GST">
  <testcase classname="test1.ChromeTest" name="getUrlMercury" time="35.198"/>
  <testcase classname="test1.ChromeTest" name="getUrlObscura" time="8.729"/>
  <testcase classname="test1.FireFoxTest" name="getURLFireFox" time="71.051"/>
</testsuite> <!-- Tests1 -->
