<?xml version="1.0" encoding="UTF-8"?>
<testng-results ignored="0" total="3" passed="3" failed="0" skipped="0">
  <reporter-output>
  </reporter-output>
  <suite started-at="2022-05-07T07:20:25 GST" name="Suite" finished-at="2022-05-07T07:22:16 GST" duration-ms="110847">
    <groups>
    </groups>
    <test started-at="2022-05-07T07:20:25 GST" name="Test" finished-at="2022-05-07T07:22:16 GST" duration-ms="110847">
      <class name="test.LoginTest">
        <test-method is-config="true" signature="beforeClass()[pri:0, instance:test.LoginTest@3e11f9e9]" started-at="2022-05-07T07:20:25 GST" name="beforeClass" finished-at="2022-05-07T07:21:21 GST" duration-ms="55589" status="PASS">
          <reporter-output>
          </reporter-output>
        </test-method> <!-- beforeClass -->
        <test-method signature="logintest(java.lang.String,java.lang.String)[pri:0, instance:test.LoginTest@3e11f9e9]" started-at="2022-05-07T07:21:26 GST" name="logintest" data-provider="dp" finished-at="2022-05-07T07:21:44 GST" duration-ms="18598" status="PASS">
          <params>
            <param index="0">
              <value>
                <![CDATA[Angel123]]>
              </value>
            </param>
            <param index="1">
              <value>
                <![CDATA[Angel123]]>
              </value>
            </param>
          </params>
          <reporter-output>
          </reporter-output>
        </test-method> <!-- logintest -->
        <test-method signature="logintest(java.lang.String,java.lang.String)[pri:0, instance:test.LoginTest@3e11f9e9]" started-at="2022-05-07T07:21:44 GST" name="logintest" data-provider="dp" finished-at="2022-05-07T07:21:57 GST" duration-ms="13211" status="PASS">
          <params>
            <param index="0">
              <value>
                <![CDATA[Reema]]>
              </value>
            </param>
            <param index="1">
              <value>
                <![CDATA[Reema]]>
              </value>
            </param>
          </params>
          <reporter-output>
          </reporter-output>
        </test-method> <!-- logintest -->
        <test-method signature="logintest(java.lang.String,java.lang.String)[pri:0, instance:test.LoginTest@3e11f9e9]" started-at="2022-05-07T07:21:57 GST" name="logintest" data-provider="dp" finished-at="2022-05-07T07:22:16 GST" duration-ms="18788" status="PASS">
          <params>
            <param index="0">
              <value>
                <![CDATA[archanamnair95@gmail.com
]]>
              </value>
            </param>
            <param index="1">
              <value>
                <![CDATA[Archana
]]>
              </value>
            </param>
          </params>
          <reporter-output>
          </reporter-output>
        </test-method> <!-- logintest -->
      </class> <!-- test.LoginTest -->
    </test> <!-- Test -->
  </suite> <!-- Suite -->
</testng-results>
